[2022-02-17T08:30:16.991Z] Adding 1000001 ... 
[2022-02-17T08:30:17.026Z] Adding new Station... 
[2022-02-17T08:30:17.382Z] Station 1000001 created at Thu Feb 17 2022 09:30:17 GMT+0100 (heure normale d’Europe centrale) updated at Thu Feb 17 2022 09:30:17 GMT+0100 (heure normale d’Europe centrale) 
[2022-02-17T08:30:21.981Z] Adding 1000002 ... 
[2022-02-17T08:30:21.986Z] Adding new Station... 
[2022-02-17T08:30:22.089Z] Station 1000002 created at Thu Feb 17 2022 09:30:21 GMT+0100 (heure normale d’Europe centrale) updated at Thu Feb 17 2022 09:30:21 GMT+0100 (heure normale d’Europe centrale) 
[2022-02-17T08:30:26.988Z] Adding 1000004 ... 
[2022-02-17T08:30:26.992Z] Adding new Station... 
[2022-02-17T08:30:26.997Z] Station 1000004 created at Thu Feb 17 2022 09:30:26 GMT+0100 (heure normale d’Europe centrale) updated at Thu Feb 17 2022 09:30:26 GMT+0100 (heure normale d’Europe centrale) 
[2022-02-17T08:30:31.994Z] Adding 1000005 ... 
[2022-02-17T08:30:31.998Z] Adding new Station... 
[2022-02-17T08:30:32.005Z] Station 1000005 created at Thu Feb 17 2022 09:30:32 GMT+0100 (heure normale d’Europe centrale) updated at Thu Feb 17 2022 09:30:32 GMT+0100 (heure normale d’Europe centrale) 
[2022-02-17T08:30:36.986Z] Adding 1000006 ... 
[2022-02-17T08:30:36.989Z] Adding new Station... 
[2022-02-17T08:30:37.006Z] Station 1000006 created at Thu Feb 17 2022 09:30:36 GMT+0100 (heure normale d’Europe centrale) updated at Thu Feb 17 2022 09:30:36 GMT+0100 (heure normale d’Europe centrale) 
[2022-02-17T08:30:41.995Z] Adding 1000007 ... 
[2022-02-17T08:30:41.998Z] Adding new Station... 
[2022-02-17T08:30:42.005Z] Station 1000007 created at Thu Feb 17 2022 09:30:41 GMT+0100 (heure normale d’Europe centrale) updated at Thu Feb 17 2022 09:30:41 GMT+0100 (heure normale d’Europe centrale) 
[2022-02-17T08:30:46.995Z] Adding 1000008 ... 
[2022-02-17T08:30:47.000Z] Adding new Station... 
[2022-02-17T08:30:47.009Z] Station 1000008 created at Thu Feb 17 2022 09:30:47 GMT+0100 (heure normale d’Europe centrale) updated at Thu Feb 17 2022 09:30:47 GMT+0100 (heure normale d’Europe centrale) 
[2022-02-17T08:30:51.985Z] Adding 1000009 ... 
[2022-02-17T08:30:51.989Z] Adding new Station... 
[2022-02-17T08:30:52.000Z] Station 1000009 created at Thu Feb 17 2022 09:30:51 GMT+0100 (heure normale d’Europe centrale) updated at Thu Feb 17 2022 09:30:51 GMT+0100 (heure normale d’Europe centrale) 
[2022-02-17T08:30:56.994Z] Adding 1000010 ... 
[2022-02-17T08:30:56.998Z] Adding new Station... 
[2022-02-17T08:30:57.117Z] Station 1000010 created at Thu Feb 17 2022 09:30:56 GMT+0100 (heure normale d’Europe centrale) updated at Thu Feb 17 2022 09:30:56 GMT+0100 (heure normale d’Europe centrale) 
[2022-02-17T08:31:01.993Z] Adding 1000012 ... 
[2022-02-17T08:31:01.996Z] Adding new Station... 
[2022-02-17T08:31:02.015Z] Station 1000012 created at Thu Feb 17 2022 09:31:01 GMT+0100 (heure normale d’Europe centrale) updated at Thu Feb 17 2022 09:31:01 GMT+0100 (heure normale d’Europe centrale) 
[2022-02-17T08:31:06.988Z] Adding 1000013 ... 
[2022-02-17T08:31:06.991Z] Adding new Station... 
[2022-02-17T08:31:07.018Z] Station 1000013 created at Thu Feb 17 2022 09:31:06 GMT+0100 (heure normale d’Europe centrale) updated at Thu Feb 17 2022 09:31:06 GMT+0100 (heure normale d’Europe centrale) 
[2022-02-17T08:31:11.990Z] Adding 1090001 ... 
[2022-02-17T08:31:11.993Z] Adding new Station... 
[2022-02-17T08:31:12.110Z] Station 1090001 created at Thu Feb 17 2022 09:31:11 GMT+0100 (heure normale d’Europe centrale) updated at Thu Feb 17 2022 09:31:11 GMT+0100 (heure normale d’Europe centrale) 
[2022-02-17T08:31:16.995Z] Adding 1100001 ... 
[2022-02-17T08:31:16.998Z] Adding new Station... 
[2022-02-17T08:31:17.004Z] Station 1100001 created at Thu Feb 17 2022 09:31:16 GMT+0100 (heure normale d’Europe centrale) updated at Thu Feb 17 2022 09:31:16 GMT+0100 (heure normale d’Europe centrale) 
[2022-02-17T08:31:21.991Z] Adding 1100002 ... 
[2022-02-17T08:31:22.020Z] Adding new Station... 
[2022-02-17T08:31:22.044Z] Station 1100002 created at Thu Feb 17 2022 09:31:22 GMT+0100 (heure normale d’Europe centrale) updated at Thu Feb 17 2022 09:31:22 GMT+0100 (heure normale d’Europe centrale) 
[2022-02-17T08:31:26.988Z] Adding 1100003 ... 
[2022-02-17T08:31:26.991Z] Adding new Station... 
[2022-02-17T08:31:26.994Z] Station 1100003 created at Thu Feb 17 2022 09:31:26 GMT+0100 (heure normale d’Europe centrale) updated at Thu Feb 17 2022 09:31:26 GMT+0100 (heure normale d’Europe centrale) 
[2022-02-17T08:31:31.981Z] Adding 1100004 ... 
[2022-02-17T08:31:31.984Z] Adding new Station... 
[2022-02-17T08:31:32.000Z] Station 1100004 created at Thu Feb 17 2022 09:31:31 GMT+0100 (heure normale d’Europe centrale) updated at Thu Feb 17 2022 09:31:31 GMT+0100 (heure normale d’Europe centrale) 
[2022-02-17T08:31:36.984Z] Adding 1100006 ... 
[2022-02-17T08:31:36.992Z] Adding new Station... 
[2022-02-17T08:31:36.996Z] Station 1100006 created at Thu Feb 17 2022 09:31:36 GMT+0100 (heure normale d’Europe centrale) updated at Thu Feb 17 2022 09:31:36 GMT+0100 (heure normale d’Europe centrale) 
[2022-02-17T08:31:41.992Z] Adding 1100007 ... 
[2022-02-17T08:31:41.995Z] Adding new Station... 
[2022-02-17T08:31:42.002Z] Station 1100007 created at Thu Feb 17 2022 09:31:41 GMT+0100 (heure normale d’Europe centrale) updated at Thu Feb 17 2022 09:31:41 GMT+0100 (heure normale d’Europe centrale) 
[2022-02-17T08:31:46.985Z] Adding 1110001 ... 
[2022-02-17T08:31:46.988Z] Adding new Station... 
[2022-02-17T08:31:46.992Z] Station 1110001 created at Thu Feb 17 2022 09:31:46 GMT+0100 (heure normale d’Europe centrale) updated at Thu Feb 17 2022 09:31:46 GMT+0100 (heure normale d’Europe centrale) 
[2022-02-17T08:31:51.993Z] Adding 1120002 ... 
[2022-02-17T08:31:51.996Z] Adding new Station... 
[2022-02-17T08:31:52.010Z] Station 1120002 created at Thu Feb 17 2022 09:31:51 GMT+0100 (heure normale d’Europe centrale) updated at Thu Feb 17 2022 09:31:51 GMT+0100 (heure normale d’Europe centrale) 
[2022-02-17T08:31:56.990Z] Adding 1120003 ... 
[2022-02-17T08:31:56.993Z] Adding new Station... 
[2022-02-17T08:31:56.997Z] Station 1120003 created at Thu Feb 17 2022 09:31:56 GMT+0100 (heure normale d’Europe centrale) updated at Thu Feb 17 2022 09:31:56 GMT+0100 (heure normale d’Europe centrale) 
[2022-02-17T08:32:01.982Z] Adding 1120004 ... 
[2022-02-17T08:32:01.985Z] Adding new Station... 
[2022-02-17T08:32:01.989Z] Station 1120004 created at Thu Feb 17 2022 09:32:01 GMT+0100 (heure normale d’Europe centrale) updated at Thu Feb 17 2022 09:32:01 GMT+0100 (heure normale d’Europe centrale) 
[2022-02-17T08:32:06.989Z] Adding 1120005 ... 
[2022-02-17T08:32:06.992Z] Adding new Station... 
[2022-02-17T08:32:06.996Z] Station 1120005 created at Thu Feb 17 2022 09:32:06 GMT+0100 (heure normale d’Europe centrale) updated at Thu Feb 17 2022 09:32:06 GMT+0100 (heure normale d’Europe centrale) 
[2022-02-17T08:32:11.994Z] Adding 1120006 ... 
[2022-02-17T08:32:11.997Z] Adding new Station... 
[2022-02-17T08:32:12.001Z] Station 1120006 created at Thu Feb 17 2022 09:32:11 GMT+0100 (heure normale d’Europe centrale) updated at Thu Feb 17 2022 09:32:11 GMT+0100 (heure normale d’Europe centrale) 
[2022-02-17T08:32:16.988Z] Adding 1120007 ... 
[2022-02-17T08:32:16.991Z] Adding new Station... 
[2022-02-17T08:32:16.995Z] Station 1120007 created at Thu Feb 17 2022 09:32:16 GMT+0100 (heure normale d’Europe centrale) updated at Thu Feb 17 2022 09:32:16 GMT+0100 (heure normale d’Europe centrale) 
[2022-02-17T08:32:21.985Z] Adding 1120008 ... 
[2022-02-17T08:32:21.988Z] Adding new Station... 
[2022-02-17T08:32:21.994Z] Station 1120008 created at Thu Feb 17 2022 09:32:21 GMT+0100 (heure normale d’Europe centrale) updated at Thu Feb 17 2022 09:32:21 GMT+0100 (heure normale d’Europe centrale) 
[2022-02-17T08:32:26.990Z] Adding 1130001 ... 
[2022-02-17T08:32:26.993Z] Adding new Station... 
[2022-02-17T08:32:27.111Z] Station 1130001 created at Thu Feb 17 2022 09:32:26 GMT+0100 (heure normale d’Europe centrale) updated at Thu Feb 17 2022 09:32:26 GMT+0100 (heure normale d’Europe centrale) 
[2022-02-17T08:32:31.987Z] Adding 1130002 ... 
[2022-02-17T08:32:31.990Z] Adding new Station... 
[2022-02-17T08:32:32.091Z] Station 1130002 created at Thu Feb 17 2022 09:32:31 GMT+0100 (heure normale d’Europe centrale) updated at Thu Feb 17 2022 09:32:31 GMT+0100 (heure normale d’Europe centrale) 
[2022-02-17T08:32:36.989Z] Adding 1130003 ... 
[2022-02-17T08:32:36.992Z] Adding new Station... 
[2022-02-17T08:32:36.996Z] Station 1130003 created at Thu Feb 17 2022 09:32:36 GMT+0100 (heure normale d’Europe centrale) updated at Thu Feb 17 2022 09:32:36 GMT+0100 (heure normale d’Europe centrale) 
[2022-02-17T08:32:41.989Z] Adding 1140001 ... 
[2022-02-17T08:32:41.992Z] Adding new Station... 
[2022-02-17T08:32:41.998Z] Station 1140001 created at Thu Feb 17 2022 09:32:41 GMT+0100 (heure normale d’Europe centrale) updated at Thu Feb 17 2022 09:32:41 GMT+0100 (heure normale d’Europe centrale) 
[2022-02-17T08:32:46.989Z] Adding 1150001 ... 
[2022-02-17T08:32:46.991Z] Adding new Station... 
[2022-02-17T08:32:46.995Z] Station 1150001 created at Thu Feb 17 2022 09:32:46 GMT+0100 (heure normale d’Europe centrale) updated at Thu Feb 17 2022 09:32:46 GMT+0100 (heure normale d’Europe centrale) 
[2022-02-17T08:32:51.994Z] Adding 1150002 ... 
[2022-02-17T08:32:51.997Z] Adding new Station... 
[2022-02-17T08:32:52.100Z] Station 1150002 created at Thu Feb 17 2022 09:32:51 GMT+0100 (heure normale d’Europe centrale) updated at Thu Feb 17 2022 09:32:51 GMT+0100 (heure normale d’Europe centrale) 
[2022-02-17T08:32:56.992Z] Adding 1160001 ... 
[2022-02-17T08:32:56.996Z] Adding new Station... 
[2022-02-17T08:32:56.999Z] Station 1160001 created at Thu Feb 17 2022 09:32:56 GMT+0100 (heure normale d’Europe centrale) updated at Thu Feb 17 2022 09:32:56 GMT+0100 (heure normale d’Europe centrale) 
[2022-02-17T08:33:01.985Z] Adding 1160002 ... 
[2022-02-17T08:33:01.988Z] Adding new Station... 
[2022-02-17T08:33:01.991Z] Station 1160002 created at Thu Feb 17 2022 09:33:01 GMT+0100 (heure normale d’Europe centrale) updated at Thu Feb 17 2022 09:33:01 GMT+0100 (heure normale d’Europe centrale) 
[2022-02-17T08:33:06.983Z] Adding 1160003 ... 
[2022-02-17T08:33:06.986Z] Adding new Station... 
[2022-02-17T08:33:06.992Z] Station 1160003 created at Thu Feb 17 2022 09:33:06 GMT+0100 (heure normale d’Europe centrale) updated at Thu Feb 17 2022 09:33:06 GMT+0100 (heure normale d’Europe centrale) 
[2022-02-17T08:33:11.984Z] Adding 1160005 ... 
[2022-02-17T08:33:11.987Z] Adding new Station... 
[2022-02-17T08:33:11.994Z] Station 1160005 created at Thu Feb 17 2022 09:33:11 GMT+0100 (heure normale d’Europe centrale) updated at Thu Feb 17 2022 09:33:11 GMT+0100 (heure normale d’Europe centrale) 
[2022-02-17T08:33:16.994Z] Adding 1170001 ... 
[2022-02-17T08:33:16.997Z] Adding new Station... 
[2022-02-17T08:33:17.004Z] Station 1170001 created at Thu Feb 17 2022 09:33:16 GMT+0100 (heure normale d’Europe centrale) updated at Thu Feb 17 2022 09:33:16 GMT+0100 (heure normale d’Europe centrale) 
[2022-02-17T08:33:21.983Z] Adding 1170002 ... 
[2022-02-17T08:33:21.986Z] Adding new Station... 
[2022-02-17T08:33:21.991Z] Station 1170002 created at Thu Feb 17 2022 09:33:21 GMT+0100 (heure normale d’Europe centrale) updated at Thu Feb 17 2022 09:33:21 GMT+0100 (heure normale d’Europe centrale) 
[2022-02-17T08:33:26.990Z] Adding 1170003 ... 
[2022-02-17T08:33:26.993Z] Adding new Station... 
[2022-02-17T08:33:26.998Z] Station 1170003 created at Thu Feb 17 2022 09:33:26 GMT+0100 (heure normale d’Europe centrale) updated at Thu Feb 17 2022 09:33:26 GMT+0100 (heure normale d’Europe centrale) 
[2022-02-17T08:33:31.983Z] Adding 1170005 ... 
[2022-02-17T08:33:31.986Z] Adding new Station... 
[2022-02-17T08:33:31.991Z] Station 1170005 created at Thu Feb 17 2022 09:33:31 GMT+0100 (heure normale d’Europe centrale) updated at Thu Feb 17 2022 09:33:31 GMT+0100 (heure normale d’Europe centrale) 
[2022-02-17T08:33:36.995Z] Adding 1190001 ... 
[2022-02-17T08:33:36.998Z] Adding new Station... 
[2022-02-17T08:33:37.001Z] Station 1190001 created at Thu Feb 17 2022 09:33:36 GMT+0100 (heure normale d’Europe centrale) updated at Thu Feb 17 2022 09:33:36 GMT+0100 (heure normale d’Europe centrale) 
[2022-02-17T08:33:41.987Z] Adding 1200001 ... 
[2022-02-17T08:33:41.990Z] Adding new Station... 
[2022-02-17T08:33:41.993Z] Station 1200001 created at Thu Feb 17 2022 09:33:41 GMT+0100 (heure normale d’Europe centrale) updated at Thu Feb 17 2022 09:33:41 GMT+0100 (heure normale d’Europe centrale) 
[2022-02-17T08:33:46.991Z] Adding 1200003 ... 
[2022-02-17T08:33:46.994Z] Adding new Station... 
[2022-02-17T08:33:46.997Z] Station 1200003 created at Thu Feb 17 2022 09:33:46 GMT+0100 (heure normale d’Europe centrale) updated at Thu Feb 17 2022 09:33:46 GMT+0100 (heure normale d’Europe centrale) 
[2022-02-17T08:33:51.986Z] Adding 1200004 ... 
[2022-02-17T08:33:51.988Z] Adding new Station... 
[2022-02-17T08:33:52.091Z] Station 1200004 created at Thu Feb 17 2022 09:33:51 GMT+0100 (heure normale d’Europe centrale) updated at Thu Feb 17 2022 09:33:51 GMT+0100 (heure normale d’Europe centrale) 
[2022-02-17T08:33:56.993Z] Adding 1210001 ... 
[2022-02-17T08:33:56.996Z] Adding new Station... 
[2022-02-17T08:33:57.001Z] Station 1210001 created at Thu Feb 17 2022 09:33:56 GMT+0100 (heure normale d’Europe centrale) updated at Thu Feb 17 2022 09:33:56 GMT+0100 (heure normale d’Europe centrale) 
[2022-02-17T08:34:01.985Z] Adding 1210002 ... 
[2022-02-17T08:34:01.988Z] Adding new Station... 
[2022-02-17T08:34:01.991Z] Station 1210002 created at Thu Feb 17 2022 09:34:01 GMT+0100 (heure normale d’Europe centrale) updated at Thu Feb 17 2022 09:34:01 GMT+0100 (heure normale d’Europe centrale) 
[2022-02-17T08:34:06.995Z] Adding 1210003 ... 
[2022-02-17T08:34:06.997Z] Adding new Station... 
[2022-02-17T08:34:07.003Z] Station 1210003 created at Thu Feb 17 2022 09:34:06 GMT+0100 (heure normale d’Europe centrale) updated at Thu Feb 17 2022 09:34:06 GMT+0100 (heure normale d’Europe centrale) 
[2022-02-17T08:34:11.994Z] Adding 1220001 ... 
[2022-02-17T08:34:11.997Z] Adding new Station... 
[2022-02-17T08:34:12.000Z] Station 1220001 created at Thu Feb 17 2022 09:34:11 GMT+0100 (heure normale d’Europe centrale) updated at Thu Feb 17 2022 09:34:11 GMT+0100 (heure normale d’Europe centrale) 
[2022-02-17T08:34:16.995Z] Adding 1230002 ... 
[2022-02-17T08:34:16.998Z] Adding new Station... 
[2022-02-17T08:34:17.001Z] Station 1230002 created at Thu Feb 17 2022 09:34:16 GMT+0100 (heure normale d’Europe centrale) updated at Thu Feb 17 2022 09:34:16 GMT+0100 (heure normale d’Europe centrale) 
[2022-02-17T08:34:21.982Z] Adding 1230003 ... 
[2022-02-17T08:34:21.985Z] Adding new Station... 
[2022-02-17T08:34:22.090Z] Station 1230003 created at Thu Feb 17 2022 09:34:21 GMT+0100 (heure normale d’Europe centrale) updated at Thu Feb 17 2022 09:34:21 GMT+0100 (heure normale d’Europe centrale) 
[2022-02-17T08:34:26.992Z] Adding 1250001 ... 
[2022-02-17T08:34:26.995Z] Adding new Station... 
[2022-02-17T08:34:26.998Z] Station 1250001 created at Thu Feb 17 2022 09:34:26 GMT+0100 (heure normale d’Europe centrale) updated at Thu Feb 17 2022 09:34:26 GMT+0100 (heure normale d’Europe centrale) 
[2022-02-17T08:34:31.984Z] Adding 1250002 ... 
[2022-02-17T08:34:31.986Z] Adding new Station... 
[2022-02-17T08:34:31.990Z] Station 1250002 created at Thu Feb 17 2022 09:34:31 GMT+0100 (heure normale d’Europe centrale) updated at Thu Feb 17 2022 09:34:31 GMT+0100 (heure normale d’Europe centrale) 
[2022-02-17T08:34:36.990Z] Adding 1250004 ... 
[2022-02-17T08:34:36.992Z] Adding new Station... 
[2022-02-17T08:34:36.996Z] Station 1250004 created at Thu Feb 17 2022 09:34:36 GMT+0100 (heure normale d’Europe centrale) updated at Thu Feb 17 2022 09:34:36 GMT+0100 (heure normale d’Europe centrale) 
[2022-02-17T08:34:41.982Z] Adding 1250005 ... 
[2022-02-17T08:34:41.985Z] Adding new Station... 
[2022-02-17T08:34:41.989Z] Station 1250005 created at Thu Feb 17 2022 09:34:41 GMT+0100 (heure normale d’Europe centrale) updated at Thu Feb 17 2022 09:34:41 GMT+0100 (heure normale d’Europe centrale) 
[2022-02-17T08:34:46.990Z] Adding 1270002 ... 
[2022-02-17T08:34:46.993Z] Adding new Station... 
[2022-02-17T08:34:46.995Z] Station 1270002 created at Thu Feb 17 2022 09:34:46 GMT+0100 (heure normale d’Europe centrale) updated at Thu Feb 17 2022 09:34:46 GMT+0100 (heure normale d’Europe centrale) 
[2022-02-17T08:34:51.984Z] Adding 1270003 ... 
[2022-02-17T08:34:51.987Z] Adding new Station... 
[2022-02-17T08:34:51.991Z] Station 1270003 created at Thu Feb 17 2022 09:34:51 GMT+0100 (heure normale d’Europe centrale) updated at Thu Feb 17 2022 09:34:51 GMT+0100 (heure normale d’Europe centrale) 
[2022-02-17T08:34:56.992Z] Adding 1290001 ... 
[2022-02-17T08:34:56.995Z] Adding new Station... 
[2022-02-17T08:34:57.000Z] Station 1290001 created at Thu Feb 17 2022 09:34:56 GMT+0100 (heure normale d’Europe centrale) updated at Thu Feb 17 2022 09:34:56 GMT+0100 (heure normale d’Europe centrale) 
[2022-02-17T08:35:01.981Z] Adding 1300001 ... 
[2022-02-17T08:35:01.984Z] Adding new Station... 
[2022-02-17T08:35:01.988Z] Station 1300001 created at Thu Feb 17 2022 09:35:01 GMT+0100 (heure normale d’Europe centrale) updated at Thu Feb 17 2022 09:35:01 GMT+0100 (heure normale d’Europe centrale) 
[2022-02-17T08:35:06.989Z] Adding 1300002 ... 
[2022-02-17T08:35:06.992Z] Adding new Station... 
[2022-02-17T08:35:06.995Z] Station 1300002 created at Thu Feb 17 2022 09:35:06 GMT+0100 (heure normale d’Europe centrale) updated at Thu Feb 17 2022 09:35:06 GMT+0100 (heure normale d’Europe centrale) 
[2022-02-17T08:35:11.988Z] Adding 1300003 ... 
[2022-02-17T08:35:11.991Z] Adding new Station... 
[2022-02-17T08:35:12.013Z] Station 1300003 created at Thu Feb 17 2022 09:35:11 GMT+0100 (heure normale d’Europe centrale) updated at Thu Feb 17 2022 09:35:11 GMT+0100 (heure normale d’Europe centrale) 
[2022-02-17T08:35:16.989Z] Adding 1310001 ... 
[2022-02-17T08:35:16.991Z] Adding new Station... 
[2022-02-17T08:35:17.109Z] Station 1310001 created at Thu Feb 17 2022 09:35:16 GMT+0100 (heure normale d’Europe centrale) updated at Thu Feb 17 2022 09:35:16 GMT+0100 (heure normale d’Europe centrale) 
[2022-02-17T08:35:21.993Z] Adding 1310003 ... 
[2022-02-17T08:35:21.996Z] Adding new Station... 
[2022-02-17T08:35:22.001Z] Station 1310003 created at Thu Feb 17 2022 09:35:21 GMT+0100 (heure normale d’Europe centrale) updated at Thu Feb 17 2022 09:35:21 GMT+0100 (heure normale d’Europe centrale) 
[2022-02-17T08:35:26.983Z] Adding 1320001 ... 
[2022-02-17T08:35:26.986Z] Adding new Station... 
[2022-02-17T08:35:26.989Z] Station 1320001 created at Thu Feb 17 2022 09:35:26 GMT+0100 (heure normale d’Europe centrale) updated at Thu Feb 17 2022 09:35:26 GMT+0100 (heure normale d’Europe centrale) 
[2022-02-17T08:35:31.991Z] Adding 1320002 ... 
[2022-02-17T08:35:31.995Z] Adding new Station... 
[2022-02-17T08:35:32.101Z] Station 1320002 created at Thu Feb 17 2022 09:35:31 GMT+0100 (heure normale d’Europe centrale) updated at Thu Feb 17 2022 09:35:31 GMT+0100 (heure normale d’Europe centrale) 
[2022-02-17T08:35:36.987Z] Adding 1330001 ... 
[2022-02-17T08:35:36.991Z] Adding new Station... 
[2022-02-17T08:35:36.994Z] Station 1330001 created at Thu Feb 17 2022 09:35:36 GMT+0100 (heure normale d’Europe centrale) updated at Thu Feb 17 2022 09:35:36 GMT+0100 (heure normale d’Europe centrale) 
[2022-02-17T08:35:41.991Z] Adding 1330002 ... 
[2022-02-17T08:35:41.994Z] Adding new Station... 
[2022-02-17T08:35:41.997Z] Station 1330002 created at Thu Feb 17 2022 09:35:41 GMT+0100 (heure normale d’Europe centrale) updated at Thu Feb 17 2022 09:35:41 GMT+0100 (heure normale d’Europe centrale) 
[2022-02-17T08:35:46.980Z] Adding 1330003 ... 
[2022-02-17T08:35:46.983Z] Adding new Station... 
[2022-02-17T08:35:46.990Z] Station 1330003 created at Thu Feb 17 2022 09:35:46 GMT+0100 (heure normale d’Europe centrale) updated at Thu Feb 17 2022 09:35:46 GMT+0100 (heure normale d’Europe centrale) 
[2022-02-17T08:35:51.982Z] Adding 1340002 ... 
[2022-02-17T08:35:51.984Z] Adding new Station... 
[2022-02-17T08:35:51.987Z] Station 1340002 created at Thu Feb 17 2022 09:35:51 GMT+0100 (heure normale d’Europe centrale) updated at Thu Feb 17 2022 09:35:51 GMT+0100 (heure normale d’Europe centrale) 
[2022-02-17T08:35:56.995Z] Adding 1340003 ... 
[2022-02-17T08:35:56.998Z] Adding new Station... 
[2022-02-17T08:35:57.002Z] Station 1340003 created at Thu Feb 17 2022 09:35:56 GMT+0100 (heure normale d’Europe centrale) updated at Thu Feb 17 2022 09:35:56 GMT+0100 (heure normale d’Europe centrale) 
[2022-02-17T08:36:01.995Z] Adding 1340004 ... 
[2022-02-17T08:36:01.997Z] Adding new Station... 
[2022-02-17T08:36:02.001Z] Station 1340004 created at Thu Feb 17 2022 09:36:01 GMT+0100 (heure normale d’Europe centrale) updated at Thu Feb 17 2022 09:36:01 GMT+0100 (heure normale d’Europe centrale) 
[2022-02-17T08:36:06.983Z] Adding 1340005 ... 
[2022-02-17T08:36:06.986Z] Adding new Station... 
[2022-02-17T08:36:06.989Z] Station 1340005 created at Thu Feb 17 2022 09:36:06 GMT+0100 (heure normale d’Europe centrale) updated at Thu Feb 17 2022 09:36:06 GMT+0100 (heure normale d’Europe centrale) 
[2022-02-17T08:36:11.985Z] Adding 1350001 ... 
[2022-02-17T08:36:11.988Z] Adding new Station... 
[2022-02-17T08:36:11.991Z] Station 1350001 created at Thu Feb 17 2022 09:36:11 GMT+0100 (heure normale d’Europe centrale) updated at Thu Feb 17 2022 09:36:11 GMT+0100 (heure normale d’Europe centrale) 
[2022-02-17T08:36:16.992Z] Adding 1350003 ... 
[2022-02-17T08:36:16.994Z] Adding new Station... 
[2022-02-17T08:36:16.998Z] Station 1350003 created at Thu Feb 17 2022 09:36:16 GMT+0100 (heure normale d’Europe centrale) updated at Thu Feb 17 2022 09:36:16 GMT+0100 (heure normale d’Europe centrale) 
[2022-02-17T08:36:21.985Z] Adding 1360002 ... 
[2022-02-17T08:36:21.988Z] Adding new Station... 
[2022-02-17T08:36:22.012Z] Station 1360002 created at Thu Feb 17 2022 09:36:21 GMT+0100 (heure normale d’Europe centrale) updated at Thu Feb 17 2022 09:36:21 GMT+0100 (heure normale d’Europe centrale) 
[2022-02-17T08:36:26.992Z] Adding 1370001 ... 
[2022-02-17T08:36:26.994Z] Adding new Station... 
[2022-02-17T08:36:26.997Z] Station 1370001 created at Thu Feb 17 2022 09:36:26 GMT+0100 (heure normale d’Europe centrale) updated at Thu Feb 17 2022 09:36:26 GMT+0100 (heure normale d’Europe centrale) 
[2022-02-17T08:36:31.990Z] Adding 1370003 ... 
[2022-02-17T08:36:31.993Z] Adding new Station... 
[2022-02-17T08:36:31.997Z] Station 1370003 created at Thu Feb 17 2022 09:36:31 GMT+0100 (heure normale d’Europe centrale) updated at Thu Feb 17 2022 09:36:31 GMT+0100 (heure normale d’Europe centrale) 
[2022-02-17T08:36:36.986Z] Adding 1380001 ... 
[2022-02-17T08:36:36.989Z] Adding new Station... 
[2022-02-17T08:36:36.996Z] Station 1380001 created at Thu Feb 17 2022 09:36:36 GMT+0100 (heure normale d’Europe centrale) updated at Thu Feb 17 2022 09:36:36 GMT+0100 (heure normale d’Europe centrale) 
[2022-02-17T08:36:41.989Z] Adding 1390001 ... 
[2022-02-17T08:36:41.993Z] Adding new Station... 
[2022-02-17T08:36:41.997Z] Station 1390001 created at Thu Feb 17 2022 09:36:41 GMT+0100 (heure normale d’Europe centrale) updated at Thu Feb 17 2022 09:36:41 GMT+0100 (heure normale d’Europe centrale) 
[2022-02-17T08:36:46.994Z] Adding 1390002 ... 
[2022-02-17T08:36:46.997Z] Adding new Station... 
[2022-02-17T08:36:47.000Z] Station 1390002 created at Thu Feb 17 2022 09:36:46 GMT+0100 (heure normale d’Europe centrale) updated at Thu Feb 17 2022 09:36:46 GMT+0100 (heure normale d’Europe centrale) 
[2022-02-17T08:36:51.981Z] Adding 1390004 ... 
[2022-02-17T08:36:51.984Z] Adding new Station... 
[2022-02-17T08:36:51.989Z] Station 1390004 created at Thu Feb 17 2022 09:36:51 GMT+0100 (heure normale d’Europe centrale) updated at Thu Feb 17 2022 09:36:51 GMT+0100 (heure normale d’Europe centrale) 
[2022-02-17T08:36:56.992Z] Adding 1390006 ... 
[2022-02-17T08:36:56.995Z] Adding new Station... 
[2022-02-17T08:36:56.997Z] Station 1390006 created at Thu Feb 17 2022 09:36:56 GMT+0100 (heure normale d’Europe centrale) updated at Thu Feb 17 2022 09:36:56 GMT+0100 (heure normale d’Europe centrale) 
[2022-02-17T08:37:01.994Z] Adding 1390008 ... 
[2022-02-17T08:37:02.004Z] Adding new Station... 
[2022-02-17T08:37:02.007Z] Station 1390008 created at Thu Feb 17 2022 09:37:02 GMT+0100 (heure normale d’Europe centrale) updated at Thu Feb 17 2022 09:37:02 GMT+0100 (heure normale d’Europe centrale) 
[2022-02-17T08:37:06.985Z] Adding 1390009 ... 
[2022-02-17T08:37:06.988Z] Adding new Station... 
[2022-02-17T08:37:06.993Z] Station 1390009 created at Thu Feb 17 2022 09:37:06 GMT+0100 (heure normale d’Europe centrale) updated at Thu Feb 17 2022 09:37:06 GMT+0100 (heure normale d’Europe centrale) 
[2022-02-17T08:37:11.982Z] Adding 1390010 ... 
[2022-02-17T08:37:11.987Z] Adding new Station... 
[2022-02-17T08:37:11.991Z] Station 1390010 created at Thu Feb 17 2022 09:37:11 GMT+0100 (heure normale d’Europe centrale) updated at Thu Feb 17 2022 09:37:11 GMT+0100 (heure normale d’Europe centrale) 
[2022-02-17T08:37:16.995Z] Adding 1390011 ... 
[2022-02-17T08:37:16.998Z] Adding new Station... 
[2022-02-17T08:37:17.003Z] Station 1390011 created at Thu Feb 17 2022 09:37:16 GMT+0100 (heure normale d’Europe centrale) updated at Thu Feb 17 2022 09:37:16 GMT+0100 (heure normale d’Europe centrale) 
[2022-02-17T08:37:21.990Z] Adding 1400001 ... 
[2022-02-17T08:37:21.992Z] Adding new Station... 
[2022-02-17T08:37:21.995Z] Station 1400001 created at Thu Feb 17 2022 09:37:21 GMT+0100 (heure normale d’Europe centrale) updated at Thu Feb 17 2022 09:37:21 GMT+0100 (heure normale d’Europe centrale) 
[2022-02-17T08:37:26.987Z] Adding 1400003 ... 
[2022-02-17T08:37:26.990Z] Adding new Station... 
[2022-02-17T08:37:26.992Z] Station 1400003 created at Thu Feb 17 2022 09:37:26 GMT+0100 (heure normale d’Europe centrale) updated at Thu Feb 17 2022 09:37:26 GMT+0100 (heure normale d’Europe centrale) 
[2022-02-17T08:37:31.995Z] Adding 1400005 ... 
[2022-02-17T08:37:31.997Z] Adding new Station... 
[2022-02-17T08:37:32.001Z] Station 1400005 created at Thu Feb 17 2022 09:37:31 GMT+0100 (heure normale d’Europe centrale) updated at Thu Feb 17 2022 09:37:31 GMT+0100 (heure normale d’Europe centrale) 
[2022-02-17T08:37:36.987Z] Adding 1400006 ... 
[2022-02-17T08:37:36.990Z] Adding new Station... 
[2022-02-17T08:37:36.994Z] Station 1400006 created at Thu Feb 17 2022 09:37:36 GMT+0100 (heure normale d’Europe centrale) updated at Thu Feb 17 2022 09:37:36 GMT+0100 (heure normale d’Europe centrale) 
[2022-02-17T08:37:41.986Z] Adding 1430001 ... 
[2022-02-17T08:37:41.989Z] Adding new Station... 
[2022-02-17T08:37:41.992Z] Station 1430001 created at Thu Feb 17 2022 09:37:41 GMT+0100 (heure normale d’Europe centrale) updated at Thu Feb 17 2022 09:37:41 GMT+0100 (heure normale d’Europe centrale) 
[2022-02-17T08:37:46.992Z] Adding 1430003 ... 
[2022-02-17T08:37:46.994Z] Adding new Station... 
[2022-02-17T08:37:46.998Z] Station 1430003 created at Thu Feb 17 2022 09:37:46 GMT+0100 (heure normale d’Europe centrale) updated at Thu Feb 17 2022 09:37:46 GMT+0100 (heure normale d’Europe centrale) 
[2022-02-17T08:37:51.992Z] Adding 1430004 ... 
[2022-02-17T08:37:51.996Z] Adding new Station... 
[2022-02-17T08:37:51.998Z] Station 1430004 created at Thu Feb 17 2022 09:37:51 GMT+0100 (heure normale d’Europe centrale) updated at Thu Feb 17 2022 09:37:51 GMT+0100 (heure normale d’Europe centrale) 
[2022-02-17T08:37:56.981Z] Adding 1430005 ... 
[2022-02-17T08:37:56.983Z] Adding new Station... 
[2022-02-17T08:37:56.988Z] Station 1430005 created at Thu Feb 17 2022 09:37:56 GMT+0100 (heure normale d’Europe centrale) updated at Thu Feb 17 2022 09:37:56 GMT+0100 (heure normale d’Europe centrale) 
[2022-02-17T08:38:01.986Z] Adding 1440001 ... 
[2022-02-17T08:38:01.990Z] Adding new Station... 
[2022-02-17T08:38:01.994Z] Station 1440001 created at Thu Feb 17 2022 09:38:01 GMT+0100 (heure normale d’Europe centrale) updated at Thu Feb 17 2022 09:38:01 GMT+0100 (heure normale d’Europe centrale) 
[2022-02-17T08:38:06.982Z] Adding 1440002 ... 
[2022-02-17T08:38:06.984Z] Adding new Station... 
[2022-02-17T08:38:06.987Z] Station 1440002 created at Thu Feb 17 2022 09:38:06 GMT+0100 (heure normale d’Europe centrale) updated at Thu Feb 17 2022 09:38:06 GMT+0100 (heure normale d’Europe centrale) 
[2022-02-17T08:38:11.992Z] Adding 1440003 ... 
[2022-02-17T08:38:11.994Z] Adding new Station... 
[2022-02-17T08:38:11.997Z] Station 1440003 created at Thu Feb 17 2022 09:38:11 GMT+0100 (heure normale d’Europe centrale) updated at Thu Feb 17 2022 09:38:11 GMT+0100 (heure normale d’Europe centrale) 
[2022-02-17T08:38:16.984Z] Adding 1460001 ... 
[2022-02-17T08:38:16.987Z] Adding new Station... 
[2022-02-17T08:38:16.991Z] Station 1460001 created at Thu Feb 17 2022 09:38:16 GMT+0100 (heure normale d’Europe centrale) updated at Thu Feb 17 2022 09:38:16 GMT+0100 (heure normale d’Europe centrale) 
[2022-02-17T08:38:21.981Z] Adding 1460002 ... 
[2022-02-17T08:38:21.984Z] Adding new Station... 
[2022-02-17T08:38:21.987Z] Station 1460002 created at Thu Feb 17 2022 09:38:21 GMT+0100 (heure normale d’Europe centrale) updated at Thu Feb 17 2022 09:38:21 GMT+0100 (heure normale d’Europe centrale) 
[2022-02-17T08:38:26.990Z] Adding 1460003 ... 
[2022-02-17T08:38:26.993Z] Adding new Station... 
[2022-02-17T08:38:26.996Z] Station 1460003 created at Thu Feb 17 2022 09:38:26 GMT+0100 (heure normale d’Europe centrale) updated at Thu Feb 17 2022 09:38:26 GMT+0100 (heure normale d’Europe centrale) 
[2022-02-17T08:38:31.983Z] Adding 1470001 ... 
[2022-02-17T08:38:31.986Z] Adding new Station... 
[2022-02-17T08:38:31.988Z] Station 1470001 created at Thu Feb 17 2022 09:38:31 GMT+0100 (heure normale d’Europe centrale) updated at Thu Feb 17 2022 09:38:31 GMT+0100 (heure normale d’Europe centrale) 
[2022-02-17T08:38:36.988Z] Adding 1470002 ... 
[2022-02-17T08:38:36.991Z] Adding new Station... 
[2022-02-17T08:38:36.994Z] Station 1470002 created at Thu Feb 17 2022 09:38:36 GMT+0100 (heure normale d’Europe centrale) updated at Thu Feb 17 2022 09:38:36 GMT+0100 (heure normale d’Europe centrale) 
[2022-02-17T08:38:41.989Z] Adding 1480001 ... 
[2022-02-17T08:38:41.992Z] Adding new Station... 
[2022-02-17T08:38:41.996Z] Station 1480001 created at Thu Feb 17 2022 09:38:41 GMT+0100 (heure normale d’Europe centrale) updated at Thu Feb 17 2022 09:38:41 GMT+0100 (heure normale d’Europe centrale) 
[2022-02-17T08:38:46.990Z] Adding 1500001 ... 
[2022-02-17T08:38:46.992Z] Adding new Station... 
[2022-02-17T08:38:46.995Z] Station 1500001 created at Thu Feb 17 2022 09:38:46 GMT+0100 (heure normale d’Europe centrale) updated at Thu Feb 17 2022 09:38:46 GMT+0100 (heure normale d’Europe centrale) 
[2022-02-17T08:38:51.986Z] Adding 1500003 ... 
[2022-02-17T08:38:51.988Z] Adding new Station... 
[2022-02-17T08:38:51.991Z] Station 1500003 created at Thu Feb 17 2022 09:38:51 GMT+0100 (heure normale d’Europe centrale) updated at Thu Feb 17 2022 09:38:51 GMT+0100 (heure normale d’Europe centrale) 
[2022-02-17T08:38:56.992Z] Adding 1500004 ... 
[2022-02-17T08:38:56.995Z] Adding new Station... 
[2022-02-17T08:38:56.998Z] Station 1500004 created at Thu Feb 17 2022 09:38:56 GMT+0100 (heure normale d’Europe centrale) updated at Thu Feb 17 2022 09:38:56 GMT+0100 (heure normale d’Europe centrale) 
[2022-02-17T08:39:01.989Z] Adding 1500006 ... 
[2022-02-17T08:39:01.992Z] Adding new Station... 
[2022-02-17T08:39:01.995Z] Station 1500006 created at Thu Feb 17 2022 09:39:01 GMT+0100 (heure normale d’Europe centrale) updated at Thu Feb 17 2022 09:39:01 GMT+0100 (heure normale d’Europe centrale) 
[2022-02-17T08:39:06.991Z] Adding 1500007 ... 
[2022-02-17T08:39:06.994Z] Adding new Station... 
[2022-02-17T08:39:06.998Z] Station 1500007 created at Thu Feb 17 2022 09:39:06 GMT+0100 (heure normale d’Europe centrale) updated at Thu Feb 17 2022 09:39:06 GMT+0100 (heure normale d’Europe centrale) 
[2022-02-17T08:39:11.989Z] Adding 1510002 ... 
[2022-02-17T08:39:11.992Z] Adding new Station... 
[2022-02-17T08:39:12.108Z] Station 1510002 created at Thu Feb 17 2022 09:39:11 GMT+0100 (heure normale d’Europe centrale) updated at Thu Feb 17 2022 09:39:11 GMT+0100 (heure normale d’Europe centrale) 
[2022-02-17T08:39:16.988Z] Adding 1510003 ... 
[2022-02-17T08:39:17.019Z] Adding new Station... 
[2022-02-17T08:39:17.022Z] Station 1510003 created at Thu Feb 17 2022 09:39:17 GMT+0100 (heure normale d’Europe centrale) updated at Thu Feb 17 2022 09:39:17 GMT+0100 (heure normale d’Europe centrale) 
[2022-02-17T08:39:21.989Z] Adding 1540001 ... 
[2022-02-17T08:39:21.991Z] Adding new Station... 
[2022-02-17T08:39:21.994Z] Station 1540001 created at Thu Feb 17 2022 09:39:21 GMT+0100 (heure normale d’Europe centrale) updated at Thu Feb 17 2022 09:39:21 GMT+0100 (heure normale d’Europe centrale) 
[2022-02-17T08:39:26.985Z] Adding 1540002 ... 
[2022-02-17T08:39:26.988Z] Adding new Station... 
[2022-02-17T08:39:26.991Z] Station 1540002 created at Thu Feb 17 2022 09:39:26 GMT+0100 (heure normale d’Europe centrale) updated at Thu Feb 17 2022 09:39:26 GMT+0100 (heure normale d’Europe centrale) 
[2022-02-17T08:39:31.985Z] Adding 1540003 ... 
[2022-02-17T08:39:31.987Z] Adding new Station... 
[2022-02-17T08:39:31.989Z] Station 1540003 created at Thu Feb 17 2022 09:39:31 GMT+0100 (heure normale d’Europe centrale) updated at Thu Feb 17 2022 09:39:31 GMT+0100 (heure normale d’Europe centrale) 
[2022-02-17T08:39:36.989Z] Adding 1560001 ... 
[2022-02-17T08:39:36.993Z] Adding new Station... 
[2022-02-17T08:39:36.996Z] Station 1560001 created at Thu Feb 17 2022 09:39:36 GMT+0100 (heure normale d’Europe centrale) updated at Thu Feb 17 2022 09:39:36 GMT+0100 (heure normale d’Europe centrale) 
[2022-02-17T08:39:41.983Z] Adding 1570001 ... 
[2022-02-17T08:39:41.985Z] Adding new Station... 
[2022-02-17T08:39:41.989Z] Station 1570001 created at Thu Feb 17 2022 09:39:41 GMT+0100 (heure normale d’Europe centrale) updated at Thu Feb 17 2022 09:39:41 GMT+0100 (heure normale d’Europe centrale) 
[2022-02-17T08:39:46.988Z] Adding 1590001 ... 
[2022-02-17T08:39:46.990Z] Adding new Station... 
[2022-02-17T08:39:46.993Z] Station 1590001 created at Thu Feb 17 2022 09:39:46 GMT+0100 (heure normale d’Europe centrale) updated at Thu Feb 17 2022 09:39:46 GMT+0100 (heure normale d’Europe centrale) 
[2022-02-17T08:39:51.992Z] Adding 1590002 ... 
[2022-02-17T08:39:51.995Z] Adding new Station... 
[2022-02-17T08:39:51.998Z] Station 1590002 created at Thu Feb 17 2022 09:39:51 GMT+0100 (heure normale d’Europe centrale) updated at Thu Feb 17 2022 09:39:51 GMT+0100 (heure normale d’Europe centrale) 
[2022-02-17T08:39:56.985Z] Adding 1600001 ... 
[2022-02-17T08:39:56.987Z] Adding new Station... 
[2022-02-17T08:39:56.991Z] Station 1600001 created at Thu Feb 17 2022 09:39:56 GMT+0100 (heure normale d’Europe centrale) updated at Thu Feb 17 2022 09:39:56 GMT+0100 (heure normale d’Europe centrale) 
[2022-02-17T08:40:01.987Z] Adding 1600002 ... 
[2022-02-17T08:40:01.990Z] Adding new Station... 
[2022-02-17T08:40:01.994Z] Station 1600002 created at Thu Feb 17 2022 09:40:01 GMT+0100 (heure normale d’Europe centrale) updated at Thu Feb 17 2022 09:40:01 GMT+0100 (heure normale d’Europe centrale) 
[2022-02-17T08:40:06.991Z] Adding 1600003 ... 
[2022-02-17T08:40:06.993Z] Adding new Station... 
[2022-02-17T08:40:06.996Z] Station 1600003 created at Thu Feb 17 2022 09:40:06 GMT+0100 (heure normale d’Europe centrale) updated at Thu Feb 17 2022 09:40:06 GMT+0100 (heure normale d’Europe centrale) 
[2022-02-17T08:40:11.992Z] Adding 1630001 ... 
[2022-02-17T08:40:11.994Z] Adding new Station... 
[2022-02-17T08:40:11.998Z] Station 1630001 created at Thu Feb 17 2022 09:40:11 GMT+0100 (heure normale d’Europe centrale) updated at Thu Feb 17 2022 09:40:11 GMT+0100 (heure normale d’Europe centrale) 
[2022-02-17T08:40:16.992Z] Adding 1630003 ... 
[2022-02-17T08:40:17.022Z] Adding new Station... 
[2022-02-17T08:40:17.029Z] Adding new Gas... 
[2022-02-17T08:40:17.032Z] Adding new Gas... 
[2022-02-17T08:40:17.033Z] Adding new Gas... 
[2022-02-17T08:40:17.035Z] Adding new Gas... 
[2022-02-17T08:40:17.036Z] Adding new Gas... 
[2022-02-17T08:40:17.038Z] Adding new Gas... 
[2022-02-17T08:40:17.041Z] Adding new Gas... 
[2022-02-17T08:40:17.043Z] Adding new Gas... 
[2022-02-17T08:40:17.044Z] Adding new Gas... 
[2022-02-17T08:40:17.046Z] Adding new Gas... 
[2022-02-17T08:40:17.047Z] Adding new Gas... 
[2022-02-17T08:40:17.049Z] Adding new Gas... 
[2022-02-17T08:40:17.050Z] Adding new Gas... 
[2022-02-17T08:40:17.051Z] Adding new Gas... 
[2022-02-17T08:40:17.053Z] Adding new Gas... 
[2022-02-17T08:40:17.054Z] Adding new Gas... 
[2022-02-17T08:40:17.056Z] Adding new Gas... 
[2022-02-17T08:40:17.058Z] Adding new Gas... 
[2022-02-17T08:40:17.061Z] Adding new Gas... 
[2022-02-17T08:40:17.062Z] Adding new Gas... 
[2022-02-17T08:40:17.064Z] Adding new Gas... 
[2022-02-17T08:40:17.065Z] Adding new Gas... 
[2022-02-17T08:40:17.066Z] Adding new Gas... 
[2022-02-17T08:40:17.068Z] Adding new Gas... 
[2022-02-17T08:40:17.069Z] Adding new Gas... 
[2022-02-17T08:40:17.071Z] Adding new Gas... 
[2022-02-17T08:40:17.072Z] Adding new Gas... 
[2022-02-17T08:40:17.074Z] Adding new Gas... 
[2022-02-17T08:40:17.075Z] Adding new Gas... 
[2022-02-17T08:40:17.076Z] Adding new Gas... 
[2022-02-17T08:40:17.078Z] Adding new Gas... 
[2022-02-17T08:40:17.081Z] Adding new Gas... 
[2022-02-17T08:40:17.082Z] Adding new Gas... 
[2022-02-17T08:40:17.083Z] Adding new Gas... 
[2022-02-17T08:40:17.085Z] Adding new Gas... 
[2022-02-17T08:40:17.086Z] Adding new Gas... 
[2022-02-17T08:40:17.088Z] Adding new Gas... 
[2022-02-17T08:40:17.089Z] Adding new Gas... 
[2022-02-17T08:40:17.090Z] Adding new Gas... 
[2022-02-17T08:40:17.092Z] Adding new Gas... 
[2022-02-17T08:40:17.093Z] Adding new Gas... 
[2022-02-17T08:40:17.094Z] Adding new Gas... 
[2022-02-17T08:40:17.096Z] Adding new Gas... 
[2022-02-17T08:40:17.097Z] Adding new Gas... 
[2022-02-17T08:40:17.100Z] Adding new Gas... 
[2022-02-17T08:40:17.101Z] Adding new Gas... 
[2022-02-17T08:40:17.104Z] Adding new Gas... 
[2022-02-17T08:40:17.105Z] Adding new Gas... 
[2022-02-17T08:40:17.106Z] Adding new Gas... 
[2022-02-17T08:40:17.108Z] Adding new Gas... 
[2022-02-17T08:40:17.109Z] Adding new Gas... 
[2022-02-17T08:40:17.110Z] Adding new Gas... 
[2022-02-17T08:40:17.113Z] Adding new Gas... 
[2022-02-17T08:40:17.114Z] Adding new Gas... 
[2022-02-17T08:40:17.116Z] Adding new Gas... 
[2022-02-17T08:40:17.117Z] Adding new Gas... 
[2022-02-17T08:40:17.119Z] Adding new Gas... 
[2022-02-17T08:40:17.120Z] Adding new Gas... 
[2022-02-17T08:40:17.155Z] Station 1630003 created at Thu Feb 17 2022 09:40:17 GMT+0100 (heure normale d’Europe centrale) updated at Thu Feb 17 2022 09:40:17 GMT+0100 (heure normale d’Europe centrale) 
[2022-02-17T08:40:17.198Z] Gas 620e09f166a9891f9c121337 created at Thu Feb 17 2022 09:40:17 GMT+0100 (heure normale d’Europe centrale) updated at Thu Feb 17 2022 09:40:17 GMT+0100 (heure normale d’Europe centrale) 
[2022-02-17T08:40:17.199Z] Gas 620e09f166a9891f9c121340 created at Thu Feb 17 2022 09:40:17 GMT+0100 (heure normale d’Europe centrale) updated at Thu Feb 17 2022 09:40:17 GMT+0100 (heure normale d’Europe centrale) 
[2022-02-17T08:40:17.200Z] Gas 620e09f166a9891f9c121341 created at Thu Feb 17 2022 09:40:17 GMT+0100 (heure normale d’Europe centrale) updated at Thu Feb 17 2022 09:40:17 GMT+0100 (heure normale d’Europe centrale) 
[2022-02-17T08:40:17.201Z] Gas 620e09f166a9891f9c121342 created at Thu Feb 17 2022 09:40:17 GMT+0100 (heure normale d’Europe centrale) updated at Thu Feb 17 2022 09:40:17 GMT+0100 (heure normale d’Europe centrale) 
[2022-02-17T08:40:17.201Z] Gas 620e09f166a9891f9c121343 created at Thu Feb 17 2022 09:40:17 GMT+0100 (heure normale d’Europe centrale) updated at Thu Feb 17 2022 09:40:17 GMT+0100 (heure normale d’Europe centrale) 
[2022-02-17T08:40:17.202Z] Gas 620e09f166a9891f9c121344 created at Thu Feb 17 2022 09:40:17 GMT+0100 (heure normale d’Europe centrale) updated at Thu Feb 17 2022 09:40:17 GMT+0100 (heure normale d’Europe centrale) 
[2022-02-17T08:40:17.203Z] Gas 620e09f166a9891f9c121345 created at Thu Feb 17 2022 09:40:17 GMT+0100 (heure normale d’Europe centrale) updated at Thu Feb 17 2022 09:40:17 GMT+0100 (heure normale d’Europe centrale) 
[2022-02-17T08:40:17.203Z] Gas 620e09f166a9891f9c121346 created at Thu Feb 17 2022 09:40:17 GMT+0100 (heure normale d’Europe centrale) updated at Thu Feb 17 2022 09:40:17 GMT+0100 (heure normale d’Europe centrale) 
[2022-02-17T08:40:17.204Z] Gas 620e09f166a9891f9c121347 created at Thu Feb 17 2022 09:40:17 GMT+0100 (heure normale d’Europe centrale) updated at Thu Feb 17 2022 09:40:17 GMT+0100 (heure normale d’Europe centrale) 
[2022-02-17T08:40:17.205Z] Gas 620e09f166a9891f9c121348 created at Thu Feb 17 2022 09:40:17 GMT+0100 (heure normale d’Europe centrale) updated at Thu Feb 17 2022 09:40:17 GMT+0100 (heure normale d’Europe centrale) 
[2022-02-17T08:40:17.206Z] Gas 620e09f166a9891f9c121349 created at Thu Feb 17 2022 09:40:17 GMT+0100 (heure normale d’Europe centrale) updated at Thu Feb 17 2022 09:40:17 GMT+0100 (heure normale d’Europe centrale) 
[2022-02-17T08:40:17.206Z] Gas 620e09f166a9891f9c12134a created at Thu Feb 17 2022 09:40:17 GMT+0100 (heure normale d’Europe centrale) updated at Thu Feb 17 2022 09:40:17 GMT+0100 (heure normale d’Europe centrale) 
[2022-02-17T08:40:17.207Z] Gas 620e09f166a9891f9c12134b created at Thu Feb 17 2022 09:40:17 GMT+0100 (heure normale d’Europe centrale) updated at Thu Feb 17 2022 09:40:17 GMT+0100 (heure normale d’Europe centrale) 
[2022-02-17T08:40:17.208Z] Gas 620e09f166a9891f9c12134c created at Thu Feb 17 2022 09:40:17 GMT+0100 (heure normale d’Europe centrale) updated at Thu Feb 17 2022 09:40:17 GMT+0100 (heure normale d’Europe centrale) 
[2022-02-17T08:40:17.209Z] Gas 620e09f166a9891f9c12134d created at Thu Feb 17 2022 09:40:17 GMT+0100 (heure normale d’Europe centrale) updated at Thu Feb 17 2022 09:40:17 GMT+0100 (heure normale d’Europe centrale) 
[2022-02-17T08:40:17.209Z] Gas 620e09f166a9891f9c12134e created at Thu Feb 17 2022 09:40:17 GMT+0100 (heure normale d’Europe centrale) updated at Thu Feb 17 2022 09:40:17 GMT+0100 (heure normale d’Europe centrale) 
[2022-02-17T08:40:17.210Z] Gas 620e09f166a9891f9c12134f created at Thu Feb 17 2022 09:40:17 GMT+0100 (heure normale d’Europe centrale) updated at Thu Feb 17 2022 09:40:17 GMT+0100 (heure normale d’Europe centrale) 
[2022-02-17T08:40:17.211Z] Gas 620e09f166a9891f9c121350 created at Thu Feb 17 2022 09:40:17 GMT+0100 (heure normale d’Europe centrale) updated at Thu Feb 17 2022 09:40:17 GMT+0100 (heure normale d’Europe centrale) 
[2022-02-17T08:40:17.212Z] Gas 620e09f166a9891f9c121351 created at Thu Feb 17 2022 09:40:17 GMT+0100 (heure normale d’Europe centrale) updated at Thu Feb 17 2022 09:40:17 GMT+0100 (heure normale d’Europe centrale) 
[2022-02-17T08:40:17.212Z] Gas 620e09f166a9891f9c121352 created at Thu Feb 17 2022 09:40:17 GMT+0100 (heure normale d’Europe centrale) updated at Thu Feb 17 2022 09:40:17 GMT+0100 (heure normale d’Europe centrale) 
[2022-02-17T08:40:17.213Z] Gas 620e09f166a9891f9c121353 created at Thu Feb 17 2022 09:40:17 GMT+0100 (heure normale d’Europe centrale) updated at Thu Feb 17 2022 09:40:17 GMT+0100 (heure normale d’Europe centrale) 
[2022-02-17T08:40:17.214Z] Gas 620e09f166a9891f9c121354 created at Thu Feb 17 2022 09:40:17 GMT+0100 (heure normale d’Europe centrale) updated at Thu Feb 17 2022 09:40:17 GMT+0100 (heure normale d’Europe centrale) 
[2022-02-17T08:40:17.214Z] Gas 620e09f166a9891f9c121355 created at Thu Feb 17 2022 09:40:17 GMT+0100 (heure normale d’Europe centrale) updated at Thu Feb 17 2022 09:40:17 GMT+0100 (heure normale d’Europe centrale) 
[2022-02-17T08:40:17.215Z] Gas 620e09f166a9891f9c121356 created at Thu Feb 17 2022 09:40:17 GMT+0100 (heure normale d’Europe centrale) updated at Thu Feb 17 2022 09:40:17 GMT+0100 (heure normale d’Europe centrale) 
[2022-02-17T08:40:17.216Z] Gas 620e09f166a9891f9c121357 created at Thu Feb 17 2022 09:40:17 GMT+0100 (heure normale d’Europe centrale) updated at Thu Feb 17 2022 09:40:17 GMT+0100 (heure normale d’Europe centrale) 
[2022-02-17T08:40:17.216Z] Gas 620e09f166a9891f9c121358 created at Thu Feb 17 2022 09:40:17 GMT+0100 (heure normale d’Europe centrale) updated at Thu Feb 17 2022 09:40:17 GMT+0100 (heure normale d’Europe centrale) 
[2022-02-17T08:40:17.217Z] Gas 620e09f166a9891f9c121359 created at Thu Feb 17 2022 09:40:17 GMT+0100 (heure normale d’Europe centrale) updated at Thu Feb 17 2022 09:40:17 GMT+0100 (heure normale d’Europe centrale) 
[2022-02-17T08:40:17.217Z] Gas 620e09f166a9891f9c12135a created at Thu Feb 17 2022 09:40:17 GMT+0100 (heure normale d’Europe centrale) updated at Thu Feb 17 2022 09:40:17 GMT+0100 (heure normale d’Europe centrale) 
[2022-02-17T08:40:17.218Z] Gas 620e09f166a9891f9c12135b created at Thu Feb 17 2022 09:40:17 GMT+0100 (heure normale d’Europe centrale) updated at Thu Feb 17 2022 09:40:17 GMT+0100 (heure normale d’Europe centrale) 
[2022-02-17T08:40:17.219Z] Gas 620e09f166a9891f9c12135c created at Thu Feb 17 2022 09:40:17 GMT+0100 (heure normale d’Europe centrale) updated at Thu Feb 17 2022 09:40:17 GMT+0100 (heure normale d’Europe centrale) 
[2022-02-17T08:40:17.219Z] Gas 620e09f166a9891f9c12135d created at Thu Feb 17 2022 09:40:17 GMT+0100 (heure normale d’Europe centrale) updated at Thu Feb 17 2022 09:40:17 GMT+0100 (heure normale d’Europe centrale) 
[2022-02-17T08:40:17.220Z] Gas 620e09f166a9891f9c12135e created at Thu Feb 17 2022 09:40:17 GMT+0100 (heure normale d’Europe centrale) updated at Thu Feb 17 2022 09:40:17 GMT+0100 (heure normale d’Europe centrale) 
[2022-02-17T08:40:17.221Z] Gas 620e09f166a9891f9c12135f created at Thu Feb 17 2022 09:40:17 GMT+0100 (heure normale d’Europe centrale) updated at Thu Feb 17 2022 09:40:17 GMT+0100 (heure normale d’Europe centrale) 
[2022-02-17T08:40:17.221Z] Gas 620e09f166a9891f9c121360 created at Thu Feb 17 2022 09:40:17 GMT+0100 (heure normale d’Europe centrale) updated at Thu Feb 17 2022 09:40:17 GMT+0100 (heure normale d’Europe centrale) 
[2022-02-17T08:40:17.223Z] Gas 620e09f166a9891f9c121361 created at Thu Feb 17 2022 09:40:17 GMT+0100 (heure normale d’Europe centrale) updated at Thu Feb 17 2022 09:40:17 GMT+0100 (heure normale d’Europe centrale) 
[2022-02-17T08:40:17.224Z] Gas 620e09f166a9891f9c121362 created at Thu Feb 17 2022 09:40:17 GMT+0100 (heure normale d’Europe centrale) updated at Thu Feb 17 2022 09:40:17 GMT+0100 (heure normale d’Europe centrale) 
[2022-02-17T08:40:17.225Z] Gas 620e09f166a9891f9c121363 created at Thu Feb 17 2022 09:40:17 GMT+0100 (heure normale d’Europe centrale) updated at Thu Feb 17 2022 09:40:17 GMT+0100 (heure normale d’Europe centrale) 
[2022-02-17T08:40:17.226Z] Gas 620e09f166a9891f9c121364 created at Thu Feb 17 2022 09:40:17 GMT+0100 (heure normale d’Europe centrale) updated at Thu Feb 17 2022 09:40:17 GMT+0100 (heure normale d’Europe centrale) 
[2022-02-17T08:40:17.227Z] Gas 620e09f166a9891f9c121365 created at Thu Feb 17 2022 09:40:17 GMT+0100 (heure normale d’Europe centrale) updated at Thu Feb 17 2022 09:40:17 GMT+0100 (heure normale d’Europe centrale) 
[2022-02-17T08:40:17.227Z] Gas 620e09f166a9891f9c121366 created at Thu Feb 17 2022 09:40:17 GMT+0100 (heure normale d’Europe centrale) updated at Thu Feb 17 2022 09:40:17 GMT+0100 (heure normale d’Europe centrale) 
[2022-02-17T08:40:17.228Z] Gas 620e09f166a9891f9c121367 created at Thu Feb 17 2022 09:40:17 GMT+0100 (heure normale d’Europe centrale) updated at Thu Feb 17 2022 09:40:17 GMT+0100 (heure normale d’Europe centrale) 
[2022-02-17T08:40:17.229Z] Gas 620e09f166a9891f9c121368 created at Thu Feb 17 2022 09:40:17 GMT+0100 (heure normale d’Europe centrale) updated at Thu Feb 17 2022 09:40:17 GMT+0100 (heure normale d’Europe centrale) 
[2022-02-17T08:40:17.229Z] Gas 620e09f166a9891f9c121369 created at Thu Feb 17 2022 09:40:17 GMT+0100 (heure normale d’Europe centrale) updated at Thu Feb 17 2022 09:40:17 GMT+0100 (heure normale d’Europe centrale) 
[2022-02-17T08:40:17.230Z] Gas 620e09f166a9891f9c12136a created at Thu Feb 17 2022 09:40:17 GMT+0100 (heure normale d’Europe centrale) updated at Thu Feb 17 2022 09:40:17 GMT+0100 (heure normale d’Europe centrale) 
[2022-02-17T08:40:17.231Z] Gas 620e09f166a9891f9c12136b created at Thu Feb 17 2022 09:40:17 GMT+0100 (heure normale d’Europe centrale) updated at Thu Feb 17 2022 09:40:17 GMT+0100 (heure normale d’Europe centrale) 
[2022-02-17T08:40:17.231Z] Gas 620e09f166a9891f9c12136c created at Thu Feb 17 2022 09:40:17 GMT+0100 (heure normale d’Europe centrale) updated at Thu Feb 17 2022 09:40:17 GMT+0100 (heure normale d’Europe centrale) 
[2022-02-17T08:40:17.232Z] Gas 620e09f166a9891f9c12136d created at Thu Feb 17 2022 09:40:17 GMT+0100 (heure normale d’Europe centrale) updated at Thu Feb 17 2022 09:40:17 GMT+0100 (heure normale d’Europe centrale) 
[2022-02-17T08:40:17.232Z] Gas 620e09f166a9891f9c12136e created at Thu Feb 17 2022 09:40:17 GMT+0100 (heure normale d’Europe centrale) updated at Thu Feb 17 2022 09:40:17 GMT+0100 (heure normale d’Europe centrale) 
[2022-02-17T08:40:17.233Z] Gas 620e09f166a9891f9c12136f created at Thu Feb 17 2022 09:40:17 GMT+0100 (heure normale d’Europe centrale) updated at Thu Feb 17 2022 09:40:17 GMT+0100 (heure normale d’Europe centrale) 
[2022-02-17T08:40:17.233Z] Gas 620e09f166a9891f9c121370 created at Thu Feb 17 2022 09:40:17 GMT+0100 (heure normale d’Europe centrale) updated at Thu Feb 17 2022 09:40:17 GMT+0100 (heure normale d’Europe centrale) 
[2022-02-17T08:40:17.311Z] Gas 620e09f166a9891f9c121338 created at Thu Feb 17 2022 09:40:17 GMT+0100 (heure normale d’Europe centrale) updated at Thu Feb 17 2022 09:40:17 GMT+0100 (heure normale d’Europe centrale) 
[2022-02-17T08:40:17.326Z] Gas 620e09f166a9891f9c12133e created at Thu Feb 17 2022 09:40:17 GMT+0100 (heure normale d’Europe centrale) updated at Thu Feb 17 2022 09:40:17 GMT+0100 (heure normale d’Europe centrale) 
[2022-02-17T08:40:17.336Z] Gas 620e09f166a9891f9c121339 created at Thu Feb 17 2022 09:40:17 GMT+0100 (heure normale d’Europe centrale) updated at Thu Feb 17 2022 09:40:17 GMT+0100 (heure normale d’Europe centrale) 
[2022-02-17T08:40:17.339Z] Gas 620e09f166a9891f9c12133a created at Thu Feb 17 2022 09:40:17 GMT+0100 (heure normale d’Europe centrale) updated at Thu Feb 17 2022 09:40:17 GMT+0100 (heure normale d’Europe centrale) 
[2022-02-17T08:40:17.341Z] Gas 620e09f166a9891f9c12133d created at Thu Feb 17 2022 09:40:17 GMT+0100 (heure normale d’Europe centrale) updated at Thu Feb 17 2022 09:40:17 GMT+0100 (heure normale d’Europe centrale) 
[2022-02-17T08:40:17.343Z] Gas 620e09f166a9891f9c12133b created at Thu Feb 17 2022 09:40:17 GMT+0100 (heure normale d’Europe centrale) updated at Thu Feb 17 2022 09:40:17 GMT+0100 (heure normale d’Europe centrale) 
[2022-02-17T08:40:17.346Z] Gas 620e09f166a9891f9c12133c created at Thu Feb 17 2022 09:40:17 GMT+0100 (heure normale d’Europe centrale) updated at Thu Feb 17 2022 09:40:17 GMT+0100 (heure normale d’Europe centrale) 
[2022-02-17T08:40:17.348Z] Gas 620e09f166a9891f9c12133f created at Thu Feb 17 2022 09:40:17 GMT+0100 (heure normale d’Europe centrale) updated at Thu Feb 17 2022 09:40:17 GMT+0100 (heure normale d’Europe centrale) 
[2022-02-17T08:40:22.007Z] Adding 1630004 ... 
[2022-02-17T08:40:22.053Z] Adding new Station... 
[2022-02-17T08:40:22.056Z] Station 1630004 created at Thu Feb 17 2022 09:40:22 GMT+0100 (heure normale d’Europe centrale) updated at Thu Feb 17 2022 09:40:22 GMT+0100 (heure normale d’Europe centrale) 
[2022-02-17T08:40:26.993Z] Adding 1640001 ... 
[2022-02-17T08:40:27.005Z] Adding new Station... 
[2022-02-17T08:40:27.014Z] Adding new Gas... 
[2022-02-17T08:40:27.016Z] Adding new Gas... 
[2022-02-17T08:40:27.017Z] Gas 620e09fb66a9891f9c121373 created at Thu Feb 17 2022 09:40:27 GMT+0100 (heure normale d’Europe centrale) updated at Thu Feb 17 2022 09:40:27 GMT+0100 (heure normale d’Europe centrale) 
[2022-02-17T08:40:27.018Z] Gas 620e09fb66a9891f9c121374 created at Thu Feb 17 2022 09:40:27 GMT+0100 (heure normale d’Europe centrale) updated at Thu Feb 17 2022 09:40:27 GMT+0100 (heure normale d’Europe centrale) 
[2022-02-17T08:40:27.108Z] Station 1640001 created at Thu Feb 17 2022 09:40:27 GMT+0100 (heure normale d’Europe centrale) updated at Thu Feb 17 2022 09:40:27 GMT+0100 (heure normale d’Europe centrale) 
[2022-02-17T08:40:31.994Z] Adding 1700003 ... 
[2022-02-17T08:40:31.998Z] Adding new Station... 
[2022-02-17T08:40:32.002Z] Station 1700003 created at Thu Feb 17 2022 09:40:31 GMT+0100 (heure normale d’Europe centrale) updated at Thu Feb 17 2022 09:40:31 GMT+0100 (heure normale d’Europe centrale) 
[2022-02-17T08:40:36.994Z] Adding 1700004 ... 
[2022-02-17T08:40:36.998Z] Adding new Station... 
[2022-02-17T08:40:37.002Z] Station 1700004 created at Thu Feb 17 2022 09:40:36 GMT+0100 (heure normale d’Europe centrale) updated at Thu Feb 17 2022 09:40:36 GMT+0100 (heure normale d’Europe centrale) 
